<?xml version="1.0" encoding="UTF-8"?>
<!-- Generated by org.testng.reporters.JUnitReportReporter -->
<testsuite hostname="cunasupport01" failures="0" tests="1" name="com.eBankDemo.testCases.TC_AddCustomers_TC003" time="116.798" errors="0" timestamp="2020-09-15T17:30:13 IST" skipped="0">
  <testcase classname="com.eBankDemo.testCases.TC_AddCustomers_TC003" name="addCustomer" time="116.798"/>
  <system-out/>
</testsuite> <!-- com.eBankDemo.testCases.TC_AddCustomers_TC003 -->
