<?xml version="1.0" encoding="UTF-8"?>
<!-- Generated by org.testng.reporters.JUnitReportReporter -->
<testsuite hostname="cunasupport01" failures="0" tests="1" name="com.eBankDemo.testCases.TC_Login_TC001" time="41.919" errors="0" timestamp="2020-09-15T23:02:52 IST" skipped="0">
  <testcase classname="com.eBankDemo.testCases.TC_Login_TC001" name="TC_Login" time="41.919"/>
  <system-out>
Verified the DashBoard Page and Login Passed  </system-out>
</testsuite> <!-- com.eBankDemo.testCases.TC_Login_TC001 -->
